
2016-12-09 14:49:26 178.75.127.83
array (
  53312 => 
  array (
    'text' => 'Невозможно установить приложение (режим разработки)',
    'result' => 'fail',
    't' => 1481284166,
  ),
)

2016-12-09 14:49:42 178.75.127.83
array (
  16542 => 
  array (
    'text' => 'Невозможно установить приложение (режим разработки)',
    'result' => 'fail',
    't' => 1481284182,
  ),
)

2016-12-09 15:00:17 178.75.127.83
array (
  96612 => 
  array (
    'text' => 'Невозможно установить приложение (режим разработки)',
    'result' => 'fail',
    't' => 1481284817,
  ),
)

2016-12-09 15:00:54 178.75.127.83
array (
  39011 => 
  array (
    'text' => 'Невозможно установить приложение (режим разработки)',
    'result' => 'fail',
    't' => 1481284854,
  ),
)

2016-12-09 16:14:58 178.75.127.83
array (
  72827 => 
  array (
    'text' => 'Невозможно установить приложение (режим разработки)',
    'result' => 'fail',
    't' => 1481289298,
  ),
)

2017-11-20 01:29:11 92.244.238.161
array (
  17140 => 
  array (
    'text' => '[`Settings saved`]',
    'result' => 'success',
    't' => 1511130551,
  ),
)

2018-04-19 17:36:37 83.139.137.26
array (
  75407 => 
  array (
    'text' => '[`Settings saved`]',
    'result' => 'success',
    't' => 1524148597,
  ),
)

2018-04-19 17:46:10 83.139.137.26
array (
  94315 => 
  array (
    'text' => '[`Settings saved`]',
    'result' => 'success',
    't' => 1524149170,
  ),
)

2018-04-19 17:46:15 83.139.137.26
array (
  32258 => 
  array (
    'text' => '[`Settings saved`]',
    'result' => 'success',
    't' => 1524149175,
  ),
)

2018-04-19 17:46:37 83.139.137.26
array (
  88817 => 
  array (
    'text' => '[`Settings saved`]',
    'result' => 'success',
    't' => 1524149197,
  ),
)

2018-04-19 17:46:44 83.139.137.26
array (
  25021 => 
  array (
    'text' => '[`Settings saved`]',
    'result' => 'success',
    't' => 1524149204,
  ),
)

2018-04-19 17:47:15 83.139.137.26
array (
  19490 => 
  array (
    'text' => '[`Settings saved`]',
    'result' => 'success',
    't' => 1524149235,
  ),
)

2018-04-19 17:47:20 83.139.137.26
array (
  99341 => 
  array (
    'text' => '[`Settings saved`]',
    'result' => 'success',
    't' => 1524149240,
  ),
)

2018-04-19 17:57:47 83.139.137.26
array (
  26057 => 
  array (
    'text' => '[`Settings saved`]',
    'result' => 'success',
    't' => 1524149867,
  ),
)
