[22-Jun-2017 19:43:11 Europe/Moscow] PHP Notice:  Undefined index: user_value_related in /home/almamed/web/almamed.su/public_html/wa-apps/shop/lib/classes/shopProduct.class.php on line 705
[22-Jun-2017 19:43:11 Europe/Moscow] PHP Notice:  Undefined index: user_value_related_two in /home/almamed/web/almamed.su/public_html/wa-apps/shop/lib/classes/shopProduct.class.php on line 751
[22-Jun-2017 19:43:11 Europe/Moscow] PHP Notice:  Undefined index: user_value_related_three in /home/almamed/web/almamed.su/public_html/wa-apps/shop/lib/classes/shopProduct.class.php on line 797
[22-Jun-2017 19:43:11 Europe/Moscow] PHP Notice:  Undefined index: user_value_related_four in /home/almamed/web/almamed.su/public_html/wa-apps/shop/lib/classes/shopProduct.class.php on line 843
[22-Jun-2017 19:43:11 Europe/Moscow] PHP Notice:  Undefined index: user_value_related_five in /home/almamed/web/almamed.su/public_html/wa-apps/shop/lib/classes/shopProduct.class.php on line 889
[22-Jun-2017 19:45:08 Europe/Moscow] PHP Notice:  Undefined index: user_value_related in /home/almamed/web/almamed.su/public_html/wa-apps/shop/lib/classes/shopProduct.class.php on line 705
[22-Jun-2017 19:45:08 Europe/Moscow] PHP Notice:  Undefined index: user_value_related_two in /home/almamed/web/almamed.su/public_html/wa-apps/shop/lib/classes/shopProduct.class.php on line 751
[22-Jun-2017 19:45:08 Europe/Moscow] PHP Notice:  Undefined index: user_value_related_three in /home/almamed/web/almamed.su/public_html/wa-apps/shop/lib/classes/shopProduct.class.php on line 797
[22-Jun-2017 19:45:08 Europe/Moscow] PHP Notice:  Undefined index: user_value_related_four in /home/almamed/web/almamed.su/public_html/wa-apps/shop/lib/classes/shopProduct.class.php on line 843
[22-Jun-2017 19:45:08 Europe/Moscow] PHP Notice:  Undefined index: user_value_related_five in /home/almamed/web/almamed.su/public_html/wa-apps/shop/lib/classes/shopProduct.class.php on line 889
[22-Jun-2017 19:45:47 Europe/Moscow] PHP Notice:  Undefined index: user_value_related in /home/almamed/web/almamed.su/public_html/wa-apps/shop/lib/classes/shopProduct.class.php on line 705
[22-Jun-2017 19:45:47 Europe/Moscow] PHP Notice:  Undefined index: user_value_related_two in /home/almamed/web/almamed.su/public_html/wa-apps/shop/lib/classes/shopProduct.class.php on line 751
[22-Jun-2017 19:45:47 Europe/Moscow] PHP Notice:  Undefined index: user_value_related_three in /home/almamed/web/almamed.su/public_html/wa-apps/shop/lib/classes/shopProduct.class.php on line 797
[22-Jun-2017 19:45:47 Europe/Moscow] PHP Notice:  Undefined index: user_value_related_four in /home/almamed/web/almamed.su/public_html/wa-apps/shop/lib/classes/shopProduct.class.php on line 843
[22-Jun-2017 19:45:47 Europe/Moscow] PHP Notice:  Undefined index: user_value_related_five in /home/almamed/web/almamed.su/public_html/wa-apps/shop/lib/classes/shopProduct.class.php on line 889
[22-Jun-2017 19:46:11 Europe/Moscow] PHP Notice:  Undefined index: user_value_related in /home/almamed/web/almamed.su/public_html/wa-apps/shop/lib/classes/shopProduct.class.php on line 705
[22-Jun-2017 19:46:11 Europe/Moscow] PHP Notice:  Undefined index: user_value_related_two in /home/almamed/web/almamed.su/public_html/wa-apps/shop/lib/classes/shopProduct.class.php on line 751
[22-Jun-2017 19:46:11 Europe/Moscow] PHP Notice:  Undefined index: user_value_related_three in /home/almamed/web/almamed.su/public_html/wa-apps/shop/lib/classes/shopProduct.class.php on line 797
[22-Jun-2017 19:46:11 Europe/Moscow] PHP Notice:  Undefined index: user_value_related_four in /home/almamed/web/almamed.su/public_html/wa-apps/shop/lib/classes/shopProduct.class.php on line 843
[22-Jun-2017 19:46:11 Europe/Moscow] PHP Notice:  Undefined index: user_value_related_five in /home/almamed/web/almamed.su/public_html/wa-apps/shop/lib/classes/shopProduct.class.php on line 889
[22-Jun-2017 19:46:38 Europe/Moscow] PHP Notice:  Undefined index: user_value_related in /home/almamed/web/almamed.su/public_html/wa-apps/shop/lib/classes/shopProduct.class.php on line 705
[22-Jun-2017 19:46:38 Europe/Moscow] PHP Notice:  Undefined index: user_value_related_two in /home/almamed/web/almamed.su/public_html/wa-apps/shop/lib/classes/shopProduct.class.php on line 751
[22-Jun-2017 19:46:38 Europe/Moscow] PHP Notice:  Undefined index: user_value_related_three in /home/almamed/web/almamed.su/public_html/wa-apps/shop/lib/classes/shopProduct.class.php on line 797
[22-Jun-2017 19:46:38 Europe/Moscow] PHP Notice:  Undefined index: user_value_related_four in /home/almamed/web/almamed.su/public_html/wa-apps/shop/lib/classes/shopProduct.class.php on line 843
[22-Jun-2017 19:46:38 Europe/Moscow] PHP Notice:  Undefined index: user_value_related_five in /home/almamed/web/almamed.su/public_html/wa-apps/shop/lib/classes/shopProduct.class.php on line 889
[22-Jun-2017 19:47:12 Europe/Moscow] PHP Notice:  Undefined index: user_value_related in /home/almamed/web/almamed.su/public_html/wa-apps/shop/lib/classes/shopProduct.class.php on line 705
[22-Jun-2017 19:47:12 Europe/Moscow] PHP Notice:  Undefined index: user_value_related_two in /home/almamed/web/almamed.su/public_html/wa-apps/shop/lib/classes/shopProduct.class.php on line 751
[22-Jun-2017 19:47:12 Europe/Moscow] PHP Notice:  Undefined index: user_value_related_three in /home/almamed/web/almamed.su/public_html/wa-apps/shop/lib/classes/shopProduct.class.php on line 797
[22-Jun-2017 19:47:12 Europe/Moscow] PHP Notice:  Undefined index: user_value_related_four in /home/almamed/web/almamed.su/public_html/wa-apps/shop/lib/classes/shopProduct.class.php on line 843
[22-Jun-2017 19:47:12 Europe/Moscow] PHP Notice:  Undefined index: user_value_related_five in /home/almamed/web/almamed.su/public_html/wa-apps/shop/lib/classes/shopProduct.class.php on line 889
[22-Jun-2017 19:49:01 Europe/Moscow] PHP Notice:  Undefined index: user_value_related in /home/almamed/web/almamed.su/public_html/wa-apps/shop/lib/classes/shopProduct.class.php on line 705
[22-Jun-2017 19:49:01 Europe/Moscow] PHP Notice:  Undefined index: user_value_related_two in /home/almamed/web/almamed.su/public_html/wa-apps/shop/lib/classes/shopProduct.class.php on line 751
[22-Jun-2017 19:49:01 Europe/Moscow] PHP Notice:  Undefined index: user_value_related_three in /home/almamed/web/almamed.su/public_html/wa-apps/shop/lib/classes/shopProduct.class.php on line 797
[22-Jun-2017 19:49:01 Europe/Moscow] PHP Notice:  Undefined index: user_value_related_four in /home/almamed/web/almamed.su/public_html/wa-apps/shop/lib/classes/shopProduct.class.php on line 843
[22-Jun-2017 19:49:01 Europe/Moscow] PHP Notice:  Undefined index: user_value_related_five in /home/almamed/web/almamed.su/public_html/wa-apps/shop/lib/classes/shopProduct.class.php on line 889
[22-Jun-2017 19:49:59 Europe/Moscow] PHP Notice:  Undefined index: user_value_related in /home/almamed/web/almamed.su/public_html/wa-apps/shop/lib/classes/shopProduct.class.php on line 705
[22-Jun-2017 19:49:59 Europe/Moscow] PHP Notice:  Undefined index: user_value_related_two in /home/almamed/web/almamed.su/public_html/wa-apps/shop/lib/classes/shopProduct.class.php on line 751
[22-Jun-2017 19:49:59 Europe/Moscow] PHP Notice:  Undefined index: user_value_related_three in /home/almamed/web/almamed.su/public_html/wa-apps/shop/lib/classes/shopProduct.class.php on line 797
[22-Jun-2017 19:49:59 Europe/Moscow] PHP Notice:  Undefined index: user_value_related_four in /home/almamed/web/almamed.su/public_html/wa-apps/shop/lib/classes/shopProduct.class.php on line 843
[22-Jun-2017 19:49:59 Europe/Moscow] PHP Notice:  Undefined index: user_value_related_five in /home/almamed/web/almamed.su/public_html/wa-apps/shop/lib/classes/shopProduct.class.php on line 889
[22-Jun-2017 19:50:08 Europe/Moscow] PHP Notice:  Undefined index: user_value_related in /home/almamed/web/almamed.su/public_html/wa-apps/shop/lib/classes/shopProduct.class.php on line 705
[22-Jun-2017 19:50:08 Europe/Moscow] PHP Notice:  Undefined index: user_value_related_two in /home/almamed/web/almamed.su/public_html/wa-apps/shop/lib/classes/shopProduct.class.php on line 751
[22-Jun-2017 19:50:08 Europe/Moscow] PHP Notice:  Undefined index: user_value_related_three in /home/almamed/web/almamed.su/public_html/wa-apps/shop/lib/classes/shopProduct.class.php on line 797
[22-Jun-2017 19:50:08 Europe/Moscow] PHP Notice:  Undefined index: user_value_related_four in /home/almamed/web/almamed.su/public_html/wa-apps/shop/lib/classes/shopProduct.class.php on line 843
[22-Jun-2017 19:50:08 Europe/Moscow] PHP Notice:  Undefined index: user_value_related_five in /home/almamed/web/almamed.su/public_html/wa-apps/shop/lib/classes/shopProduct.class.php on line 889
[22-Jun-2017 19:50:46 Europe/Moscow] PHP Notice:  Undefined index: user_value_related in /home/almamed/web/almamed.su/public_html/wa-apps/shop/lib/classes/shopProduct.class.php on line 705
[22-Jun-2017 19:50:46 Europe/Moscow] PHP Notice:  Undefined index: user_value_related_two in /home/almamed/web/almamed.su/public_html/wa-apps/shop/lib/classes/shopProduct.class.php on line 751
[22-Jun-2017 19:50:46 Europe/Moscow] PHP Notice:  Undefined index: user_value_related_three in /home/almamed/web/almamed.su/public_html/wa-apps/shop/lib/classes/shopProduct.class.php on line 797
[22-Jun-2017 19:50:46 Europe/Moscow] PHP Notice:  Undefined index: user_value_related_four in /home/almamed/web/almamed.su/public_html/wa-apps/shop/lib/classes/shopProduct.class.php on line 843
[22-Jun-2017 19:50:46 Europe/Moscow] PHP Notice:  Undefined index: user_value_related_five in /home/almamed/web/almamed.su/public_html/wa-apps/shop/lib/classes/shopProduct.class.php on line 889
[22-Jun-2017 19:55:40 Europe/Moscow] PHP Notice:  Undefined index: user_value_related_two in /home/almamed/web/almamed.su/public_html/wa-apps/shop/lib/classes/shopProduct.class.php on line 751
[22-Jun-2017 19:55:40 Europe/Moscow] PHP Notice:  Undefined index: user_value_related_three in /home/almamed/web/almamed.su/public_html/wa-apps/shop/lib/classes/shopProduct.class.php on line 797
[22-Jun-2017 19:55:40 Europe/Moscow] PHP Notice:  Undefined index: user_value_related_four in /home/almamed/web/almamed.su/public_html/wa-apps/shop/lib/classes/shopProduct.class.php on line 843
[22-Jun-2017 19:55:40 Europe/Moscow] PHP Notice:  Undefined index: user_value_related_five in /home/almamed/web/almamed.su/public_html/wa-apps/shop/lib/classes/shopProduct.class.php on line 889
[22-Jun-2017 19:56:14 Europe/Moscow] PHP Notice:  Undefined index: user_value_related in /home/almamed/web/almamed.su/public_html/wa-apps/shop/lib/classes/shopProduct.class.php on line 705
[22-Jun-2017 19:56:14 Europe/Moscow] PHP Notice:  Undefined index: user_value_related_two in /home/almamed/web/almamed.su/public_html/wa-apps/shop/lib/classes/shopProduct.class.php on line 751
[22-Jun-2017 19:56:14 Europe/Moscow] PHP Notice:  Undefined index: user_value_related_three in /home/almamed/web/almamed.su/public_html/wa-apps/shop/lib/classes/shopProduct.class.php on line 797
[22-Jun-2017 19:56:14 Europe/Moscow] PHP Notice:  Undefined index: user_value_related_four in /home/almamed/web/almamed.su/public_html/wa-apps/shop/lib/classes/shopProduct.class.php on line 843
[22-Jun-2017 19:56:14 Europe/Moscow] PHP Notice:  Undefined index: user_value_related_five in /home/almamed/web/almamed.su/public_html/wa-apps/shop/lib/classes/shopProduct.class.php on line 889
[22-Jun-2017 19:56:28 Europe/Moscow] PHP Notice:  Undefined index: user_value_related in /home/almamed/web/almamed.su/public_html/wa-apps/shop/lib/classes/shopProduct.class.php on line 705
[22-Jun-2017 19:56:28 Europe/Moscow] PHP Notice:  Undefined index: user_value_related_two in /home/almamed/web/almamed.su/public_html/wa-apps/shop/lib/classes/shopProduct.class.php on line 751
[22-Jun-2017 19:56:28 Europe/Moscow] PHP Notice:  Undefined index: user_value_related_three in /home/almamed/web/almamed.su/public_html/wa-apps/shop/lib/classes/shopProduct.class.php on line 797
[22-Jun-2017 19:56:28 Europe/Moscow] PHP Notice:  Undefined index: user_value_related_four in /home/almamed/web/almamed.su/public_html/wa-apps/shop/lib/classes/shopProduct.class.php on line 843
[22-Jun-2017 19:56:28 Europe/Moscow] PHP Notice:  Undefined index: user_value_related_five in /home/almamed/web/almamed.su/public_html/wa-apps/shop/lib/classes/shopProduct.class.php on line 889
[22-Jun-2017 19:56:56 Europe/Moscow] PHP Notice:  Undefined index: user_value_related in /home/almamed/web/almamed.su/public_html/wa-apps/shop/lib/classes/shopProduct.class.php on line 705
[22-Jun-2017 19:56:56 Europe/Moscow] PHP Notice:  Undefined index: user_value_related_two in /home/almamed/web/almamed.su/public_html/wa-apps/shop/lib/classes/shopProduct.class.php on line 751
[22-Jun-2017 19:56:56 Europe/Moscow] PHP Notice:  Undefined index: user_value_related_three in /home/almamed/web/almamed.su/public_html/wa-apps/shop/lib/classes/shopProduct.class.php on line 797
[22-Jun-2017 19:56:56 Europe/Moscow] PHP Notice:  Undefined index: user_value_related_four in /home/almamed/web/almamed.su/public_html/wa-apps/shop/lib/classes/shopProduct.class.php on line 843
[22-Jun-2017 19:56:56 Europe/Moscow] PHP Notice:  Undefined index: user_value_related_five in /home/almamed/web/almamed.su/public_html/wa-apps/shop/lib/classes/shopProduct.class.php on line 889
[22-Jun-2017 19:57:24 Europe/Moscow] PHP Notice:  Undefined index: user_value_related in /home/almamed/web/almamed.su/public_html/wa-apps/shop/lib/classes/shopProduct.class.php on line 705
[22-Jun-2017 19:57:24 Europe/Moscow] PHP Notice:  Undefined index: user_value_related_two in /home/almamed/web/almamed.su/public_html/wa-apps/shop/lib/classes/shopProduct.class.php on line 751
[22-Jun-2017 19:57:24 Europe/Moscow] PHP Notice:  Undefined index: user_value_related_three in /home/almamed/web/almamed.su/public_html/wa-apps/shop/lib/classes/shopProduct.class.php on line 797
[22-Jun-2017 19:57:24 Europe/Moscow] PHP Notice:  Undefined index: user_value_related_four in /home/almamed/web/almamed.su/public_html/wa-apps/shop/lib/classes/shopProduct.class.php on line 843
[22-Jun-2017 19:57:24 Europe/Moscow] PHP Notice:  Undefined index: user_value_related_five in /home/almamed/web/almamed.su/public_html/wa-apps/shop/lib/classes/shopProduct.class.php on line 889
[22-Jun-2017 19:57:57 Europe/Moscow] PHP Notice:  Undefined index: color in /home/almamed/web/almamed.su/public_html/wa-cache/apps/webasyst/templates/compiled/webasyst_ru_RU/65/35/29/653529d3c6500c76523475627b8303cef34a0c14.file.Default.html.php on line 35
[22-Jun-2017 19:57:57 Europe/Moscow] PHP Notice:  Trying to get property of non-object in /home/almamed/web/almamed.su/public_html/wa-cache/apps/webasyst/templates/compiled/webasyst_ru_RU/65/35/29/653529d3c6500c76523475627b8303cef34a0c14.file.Default.html.php on line 35
